3.8.2025, 21:33:08 - DEBUG - {"sortBy":"title","sortDir":1}
9.8.2025, 12:42:39 - ERROR - Couldnt find bug u108 in bugService
9.8.2025, 12:42:39 - ERROR - Couldnt get bug
9.8.2025, 12:43:25 - ERROR - Couldnt find user u108 in userService
9.8.2025, 12:43:25 - ERROR - Couldnt get user
9.8.2025, 13:10:19 - ERROR - Couldnt find bug u101 in bugService
9.8.2025, 13:10:20 - ERROR - Couldnt get bug
9.8.2025, 13:10:51 - ERROR - Couldnt find bug u101 in bugService
9.8.2025, 13:10:51 - ERROR - Couldnt get bug
9.8.2025, 13:12:04 - ERROR - Couldnt find bug u101 in bugService
9.8.2025, 13:12:04 - ERROR - Couldnt get bug
9.8.2025, 14:06:17 - ERROR - User Exists!
9.8.2025, 14:10:56 - ERROR - User Exists!
9.8.2025, 14:13:41 - ERROR - User Exists!
9.8.2025, 18:30:11 - ERROR - 
9.8.2025, 18:30:50 - ERROR - Cannot login!
9.8.2025, 18:35:31 - ERROR - Cannot login!
9.8.2025, 18:35:43 - ERROR - Cannot login!
9.8.2025, 18:35:47 - ERROR - Cannot login!
9.8.2025, 18:35:49 - ERROR - Cannot login!
9.8.2025, 18:35:50 - ERROR - Cannot login!
9.8.2025, 18:35:51 - ERROR - Cannot login!
9.8.2025, 18:36:37 - ERROR - Cannot login!
9.8.2025, 18:36:47 - ERROR - Cannot login!
9.8.2025, 18:40:40 - ERROR - Cannot login!
9.8.2025, 18:40:49 - ERROR - Cannot login!
9.8.2025, 18:44:21 - ERROR - Cannot login!
9.8.2025, 18:44:23 - ERROR - Cannot login!
9.8.2025, 18:44:24 - ERROR - Cannot login!
9.8.2025, 18:44:26 - ERROR - Cannot login!
9.8.2025, 18:44:37 - ERROR - Cannot login!
9.8.2025, 18:44:38 - ERROR - Cannot login!
9.8.2025, 18:44:39 - ERROR - Cannot login!
9.8.2025, 18:44:41 - ERROR - Cannot login!
9.8.2025, 18:44:42 - ERROR - Cannot login!
9.8.2025, 18:44:43 - ERROR - Cannot login!
9.8.2025, 18:44:44 - ERROR - Cannot login!
9.8.2025, 18:44:45 - ERROR - Cannot login!
9.8.2025, 18:47:15 - ERROR - Cannot login!
9.8.2025, 22:14:27 - ERROR - User not exists!
11.8.2025, 12:33:58 - ERROR - You cant remove others bugs!
11.8.2025, 14:04:20 - ERROR - Couldnt find bug hhTIJ in bugService
11.8.2025, 14:04:20 - ERROR - Couldnt save bug
11.8.2025, 14:08:19 - ERROR - Cannot update others bugs
11.8.2025, 14:08:19 - ERROR - Couldnt save bug
11.8.2025, 23:21:04 - ERROR - Cannot login!
12.8.2025, 15:51:35 - ERROR - User not exists!
12.8.2025, 21:36:52 - ERROR - Couldnt get bug
12.8.2025, 21:36:51 - ERROR - Couldnt find bug auth in bugService
13.8.2025, 9:16:24 - ERROR - You cant remove others bugs!
13.8.2025, 9:16:28 - ERROR - You cant remove others bugs!
13.8.2025, 9:16:34 - ERROR - You cant remove others bugs!
13.8.2025, 9:16:41 - ERROR - You cant remove others bugs!
13.8.2025, 9:23:34 - ERROR - You cant remove others bugs!
13.8.2025, 9:24:33 - ERROR - You cant remove others bugs!
13.8.2025, 9:28:16 - ERROR - You cant remove others bugs!
13.8.2025, 9:31:05 - ERROR - You cant remove others bugs!
13.8.2025, 9:40:24 - ERROR - Cannot login!
13.8.2025, 9:41:13 - ERROR - Cannot login!
13.8.2025, 9:42:01 - ERROR - Cannot login!
13.8.2025, 9:47:52 - ERROR - Cannot login!
13.8.2025, 9:47:59 - ERROR - Cannot login!
13.8.2025, 9:48:01 - ERROR - Cannot login!
13.8.2025, 9:58:02 - ERROR - User not exists!
13.8.2025, 9:58:39 - ERROR - User not exists!
13.8.2025, 10:05:40 - ERROR - User not exists!
13.8.2025, 10:06:16 - ERROR - User not exists!
13.8.2025, 10:08:33 - ERROR - User not exists!
13.8.2025, 10:08:35 - ERROR - User not exists!
13.8.2025, 10:08:35 - ERROR - User not exists!
13.8.2025, 10:08:35 - ERROR - User not exists!
13.8.2025, 10:08:36 - ERROR - User not exists!
13.8.2025, 10:08:36 - ERROR - User not exists!
13.8.2025, 10:08:36 - ERROR - User not exists!
13.8.2025, 10:08:37 - ERROR - User not exists!
13.8.2025, 10:08:37 - ERROR - User not exists!
13.8.2025, 10:08:49 - ERROR - User not exists!
13.8.2025, 10:08:53 - ERROR - User not exists!
13.8.2025, 10:13:45 - ERROR - User not exists!
13.8.2025, 10:13:47 - ERROR - User not exists!
13.8.2025, 10:13:48 - ERROR - User not exists!
13.8.2025, 10:13:49 - ERROR - User not exists!
13.8.2025, 10:14:20 - ERROR - User not exists!
13.8.2025, 10:14:22 - ERROR - User not exists!
13.8.2025, 10:14:23 - ERROR - User not exists!
13.8.2025, 10:14:26 - ERROR - User not exists!
13.8.2025, 10:15:59 - ERROR - User not exists!
13.8.2025, 10:16:08 - ERROR - User not exists!
13.8.2025, 10:18:15 - ERROR - User not exists!
13.8.2025, 10:18:49 - ERROR - User not exists!
13.8.2025, 10:22:15 - ERROR - User not exists!
13.8.2025, 10:23:14 - ERROR - User not exists!
13.8.2025, 10:24:08 - ERROR - User not exists!
13.8.2025, 10:27:17 - ERROR - Cannot login!
13.8.2025, 10:28:13 - ERROR - User not exists!
13.8.2025, 10:28:21 - ERROR - User not exists!
13.8.2025, 10:28:30 - ERROR - User not exists!
13.8.2025, 10:49:44 - ERROR - User not exists!
13.8.2025, 11:16:43 - ERROR - User not exists!
13.8.2025, 11:16:45 - ERROR - User not exists!
13.8.2025, 11:41:32 - ERROR - Couldnt find bug auth in bugService
13.8.2025, 11:41:32 - ERROR - Couldnt get bug
13.8.2025, 11:42:06 - ERROR - Cannot login!
13.8.2025, 12:01:41 - ERROR - Cannot login!
13.8.2025, 12:02:59 - ERROR - User not exists!
13.8.2025, 12:03:07 - ERROR - User not exists!
13.8.2025, 13:35:25 - ERROR - User not exists!
